\BOOKMARK [0][-]{dummy.3}{\376\377\000A\000b\000s\000t\000r\000a\000c\000t}{}% 1
\BOOKMARK [0][-]{chapter.4}{\376\377\0001\000\040\000I\000n\000t\000r\000o\000d\000u\000c\000t\000i\000o\000n}{}% 2
\BOOKMARK [0][-]{chapter.5}{\376\377\0002\000\040\000P\000r\000o\000b\000l\000e\000m\000\040\000S\000t\000a\000t\000e\000m\000e\000n\000t}{}% 3
\BOOKMARK [0][-]{chapter.6}{\376\377\0003\000\040\000L\000i\000t\000e\000r\000a\000t\000u\000r\000e\000\040\000R\000e\000v\000i\000e\000w}{}% 4
\BOOKMARK [0][-]{chapter.7}{\376\377\0004\000\040\000P\000r\000o\000j\000e\000c\000t\000\040\000O\000v\000e\000r\000v\000i\000e\000w\000\040\000a\000n\000d\000\040\000O\000b\000j\000e\000c\000t\000i\000v\000e\000s}{}% 5
\BOOKMARK [0][-]{chapter.8}{\376\377\0005\000\040\000P\000r\000o\000j\000e\000c\000t\000\040\000D\000e\000v\000e\000l\000o\000p\000m\000e\000n\000t\000\040\000M\000e\000t\000h\000o\000d\000o\000l\000o\000g\000y\000/\000A\000r\000c\000h\000i\000t\000e\000c\000t\000u\000r\000e}{}% 6
\BOOKMARK [0][-]{chapter.9}{\376\377\0006\000\040\000P\000r\000o\000j\000e\000c\000t\000\040\000M\000i\000l\000e\000s\000t\000o\000n\000e\000s\000\040\000a\000n\000d\000\040\000D\000e\000l\000i\000v\000e\000r\000a\000b\000l\000e\000s}{}% 7
\BOOKMARK [0][-]{chapter.10}{\376\377\0007\000\040\000B\000l\000o\000c\000k\000\040\000D\000i\000a\000g\000r\000a\000m}{}% 8
\BOOKMARK [0][-]{chapter.11}{\376\377\0008\000\040\000F\000l\000o\000w\000\040\000C\000h\000a\000r\000t}{}% 9
\BOOKMARK [0][-]{chapter.12}{\376\377\0009\000\040\000W\000o\000r\000k\000\040\000D\000i\000v\000i\000s\000i\000o\000n}{}% 10
\BOOKMARK [0][-]{chapter.13}{\376\377\0001\0000\000\040\000C\000o\000s\000t\000i\000n\000g}{}% 11
\BOOKMARK [0][-]{appendix.14}{\376\377\000A\000\040\000I\000n\000t\000r\000o\000d\000u\000c\000t\000i\000o\000n\000\040\000t\000o\000\040\000L\000a\000t\000e\000x\000\040\000\050\000D\000o\000\040\000n\000o\000t\000\040\000i\000n\000c\000l\000u\000d\000e\000\040\000t\000h\000i\000s\000\040\000i\000n\000\040\000t\000h\000e\000\040\000f\000i\000n\000a\000l\000\040\000v\000e\000r\000s\000i\000o\000n\000\040\000o\000f\000\040\000y\000o\000u\000r\000\040\000s\000y\000n\000o\000p\000s\000i\000s\000\051}{}% 12
\BOOKMARK [1][-]{section.15}{\376\377\000A\000.\0001\000\040\000L\000e\000a\000r\000n\000i\000n\000g\000\040\000L\000a\000T\000e\000X}{appendix.14}% 13
\BOOKMARK [2][-]{subsection.16}{\376\377\000A\000.\0001\000.\0001\000\040\000A\000\040\000\050\000n\000o\000t\000\040\000s\000o\000\040\000s\000h\000o\000r\000t\000\051\000\040\000I\000n\000t\000r\000o\000d\000u\000c\000t\000i\000o\000n\000\040\000t\000o\000\040\000L\000a\000T\000e\000X}{section.15}% 14
\BOOKMARK [2][-]{subsection.17}{\376\377\000A\000.\0001\000.\0002\000\040\000A\000\040\000S\000h\000o\000r\000t\000\040\000M\000a\000t\000h\000\040\000G\000u\000i\000d\000e\000\040\000f\000o\000r\000\040\000L\000a\000T\000e\000X}{section.15}% 15
\BOOKMARK [2][-]{subsection.18}{\376\377\000A\000.\0001\000.\0003\000\040\000C\000o\000m\000m\000o\000n\000\040\000L\000a\000T\000e\000X\000\040\000M\000a\000t\000h\000\040\000S\000y\000m\000b\000o\000l\000s}{section.15}% 16
\BOOKMARK [2][-]{subsection.19}{\376\377\000A\000.\0001\000.\0004\000\040\000F\000i\000g\000u\000r\000e\000s}{section.15}% 17
\BOOKMARK [2][-]{subsection.21}{\376\377\000A\000.\0001\000.\0005\000\040\000T\000y\000p\000e\000s\000e\000t\000t\000i\000n\000g\000\040\000m\000a\000t\000h\000e\000m\000a\000t\000i\000c\000s}{section.15}% 18
\BOOKMARK [1][-]{section.23}{\376\377\000A\000.\0002\000\040\000S\000e\000c\000t\000i\000o\000n\000i\000n\000g\000\040\000a\000n\000d\000\040\000S\000u\000b\000s\000e\000c\000t\000i\000o\000n\000i\000n\000g}{appendix.14}% 19
\BOOKMARK [0][-]{dummy.24}{\376\377\000R\000e\000f\000e\000r\000e\000n\000c\000e\000s}{}% 20
